[debug] [2022-06-17T04:16:28.662Z] ----------------------------------------------------------------------
[debug] [2022-06-17T04:16:28.664Z] Command:       C:\Program Files\nodejs\node.exe C:\Users\sergi\AppData\Roaming\npm\node_modules\firebase-tools\lib\bin\firebase.js login --no-localhost --reauth
[debug] [2022-06-17T04:16:28.664Z] CLI Version:   11.0.1
[debug] [2022-06-17T04:16:28.664Z] Platform:      win32
[debug] [2022-06-17T04:16:28.664Z] Node Version:  v14.18.3
[debug] [2022-06-17T04:16:28.665Z] Time:          Thu Jun 16 2022 23:16:28 GMT-0500 (hora estándar de Colombia)
[debug] [2022-06-17T04:16:28.665Z] ----------------------------------------------------------------------
[debug] 
[debug] [2022-06-17T04:16:28.667Z] >>> [apiv2][query] GET https://firebase-public.firebaseio.com/cli.json [none]
[debug] [2022-06-17T04:16:28.685Z] >>> [apiv2][query] POST https://auth.firebase.tools/attest [none]
[debug] [2022-06-17T04:16:28.685Z] >>> [apiv2][body] POST https://auth.firebase.tools/attest {"session_id":"c5bd1a4c-d3e8-4db5-9350-6cbe77751449"}
[debug] [2022-06-17T04:16:29.104Z] <<< [apiv2][status] GET https://firebase-public.firebaseio.com/cli.json 200
[debug] [2022-06-17T04:16:29.105Z] <<< [apiv2][body] GET https://firebase-public.firebaseio.com/cli.json {"cloudBuildErrorAfter":1594252800000,"cloudBuildWarnAfter":1590019200000,"defaultNode10After":1594252800000,"minVersion":"3.0.5","node8DeploysDisabledAfter":1613390400000,"node8RuntimeDisabledAfter":1615809600000,"node8WarnAfter":1600128000000}
[debug] [2022-06-17T04:16:29.444Z] <<< [apiv2][status] POST https://auth.firebase.tools/attest 200
[debug] [2022-06-17T04:16:29.444Z] <<< [apiv2][body] POST https://auth.firebase.tools/attest {"token":"IvsrwOE5m-X6Jf6YW89bxroBUIIC4fg0NSi59IzA4rw"}
[info] 
[info] To sign in to the Firebase CLI:
[info] 
[info] 1. Take note of your session ID:
[info] 
[info]    C5BD1
[info] 
[info] 2. Visit the URL below on any device and follow the instructions to get your code:
[info] 
[info]    https://auth.firebase.tools/login?code_challenge=8s5nDC41YeZzHIdaLxDPPDIJq-m1T8pJTU3i6xhM4ZI&session=c5bd1a4c-d3e8-4db5-9350-6cbe77751449&attest=IvsrwOE5m-X6Jf6YW89bxroBUIIC4fg0NSi59IzA4rw
[info] 
[info] 3. Paste or enter the authorization code below once you have it:
[info] 
